<?xml version="1.0" encoding="UTF-8"?>
<!-- Generated by org.testng.reporters.JUnitReportReporter -->
<testsuite skipped="0" hostname="guru-PC" name="org.automation.testing.sampletestcaseforjenkinsautomation.TC_001_SampleTestCase" tests="1" failures="0" timestamp="21 Oct 2019 16:55:47 GMT" time="10.832" errors="0">
  <testcase name="fblogin" time="10.832" classname="org.automation.testing.sampletestcaseforjenkinsautomation.TC_001_SampleTestCase"/>
</testsuite> <!-- org.automation.testing.sampletestcaseforjenkinsautomation.TC_001_SampleTestCase -->
